<?xml version="1.0" encoding="UTF-8"?>
<testng-results skipped="0" failed="0" total="1" passed="1">
  <reporter-output>
  </reporter-output>
  <suite name="Suite" duration-ms="65" started-at="2017-01-17T12:11:25Z" finished-at="2017-01-17T12:11:25Z">
    <groups>
    </groups>
    <test name="Test" duration-ms="65" started-at="2017-01-17T12:11:25Z" finished-at="2017-01-17T12:11:25Z">
      <class name="yahoo.yahoomail">
        <test-method status="PASS" signature="yahoomail()[pri:0, instance:yahoo.yahoomail@50f8360d]" name="yahoomail" duration-ms="31" started-at="2017-01-17T17:41:25Z" finished-at="2017-01-17T17:41:25Z">
          <reporter-output>
          </reporter-output>
        </test-method> <!-- yahoomail -->
      </class> <!-- yahoo.yahoomail -->
    </test> <!-- Test -->
  </suite> <!-- Suite -->
</testng-results>
